[0m16:40:22.327889 [debug] [MainThread]: Sending event: {'category': 'dbt', 'action': 'invocation', 'label': 'start', 'context': [<snowplow_tracker.self_describing_json.SelfDescribingJson object at 0x000001E8A8DAD8E0>, <snowplow_tracker.self_describing_json.SelfDescribingJson object at 0x000001E8A8CBD2B0>, <snowplow_tracker.self_describing_json.SelfDescribingJson object at 0x000001E8A9DF94C0>]}


============================== 16:40:22.343518 | c2c09f61-b79e-4824-951d-31ab950c2594 ==============================
[0m16:40:22.343518 [info ] [MainThread]: Running with dbt=1.8.1
[0m16:40:22.343518 [debug] [MainThread]: running dbt with arguments {'printer_width': '80', 'indirect_selection': 'eager', 'log_cache_events': 'False', 'write_json': 'True', 'partial_parse': 'True', 'cache_selected_only': 'False', 'profiles_dir': 'C:\\Users\\dzulf\\.dbt', 'fail_fast': 'False', 'debug': 'False', 'log_path': 'logs', 'version_check': 'True', 'warn_error': 'None', 'use_colors': 'True', 'use_experimental_parser': 'False', 'no_print': 'None', 'quiet': 'False', 'warn_error_options': 'WarnErrorOptions(include=[], exclude=[])', 'invocation_command': 'dbt init', 'static_parser': 'True', 'introspect': 'True', 'target_path': 'None', 'log_format': 'default', 'send_anonymous_usage_stats': 'True'}
[0m16:40:22.343518 [warn ] [MainThread]: [ConfigFolderDirectory]: Unable to parse dict {'dir': WindowsPath('C:/Users/dzulf/.dbt')}
[0m16:40:22.343518 [info ] [MainThread]: Creating dbt configuration folder at 
[0m16:40:42.969960 [debug] [MainThread]: Starter project path: F:\Belajar DE\DBT\dbtenv\Lib\site-packages\dbt\include\starter_project
[0m16:40:42.969960 [info ] [MainThread]: 
Your new dbt project "dbt_from_scratch" was created!

For more information on how to configure the profiles.yml file,
please consult the dbt documentation here:

  https://docs.getdbt.com/docs/configure-your-profile

One more thing:

Need help? Don't hesitate to reach out to us via GitHub issues or on Slack:

  https://community.getdbt.com/

Happy modeling!

[0m16:40:42.986068 [info ] [MainThread]: Setting up your profile.
[0m16:41:33.613480 [info ] [MainThread]: Profile dbt_from_scratch written to C:\Users\dzulf\.dbt\profiles.yml using target's profile_template.yml and your supplied values. Run 'dbt debug' to validate the connection.
[0m16:41:33.613480 [debug] [MainThread]: Command `dbt init` succeeded at 16:41:33.613480 after 71.40 seconds
[0m16:41:33.613480 [debug] [MainThread]: Sending event: {'category': 'dbt', 'action': 'invocation', 'label': 'end', 'context': [<snowplow_tracker.self_describing_json.SelfDescribingJson object at 0x000001E8A8DAD8E0>, <snowplow_tracker.self_describing_json.SelfDescribingJson object at 0x000001E8A91C47A0>, <snowplow_tracker.self_describing_json.SelfDescribingJson object at 0x000001E8A9FCA600>]}
[0m16:41:33.613480 [debug] [MainThread]: Flushing usage events
